<?xml version="1.0" encoding="UTF-8"?>
<!-- Generated by org.testng.reporters.JUnitReportReporter -->
<testsuite hostname="DESKTOP-708N05K" failures="0" tests="1" name="TestRunner" time="17.564" errors="0" timestamp="2022-05-11T14:15:01 CAT" skipped="0">
  <testcase classname="TestRunner" name="runScenario" time="17.564"/>
  <system-out/>
</testsuite> <!-- TestRunner -->
