<?xml version="1.0" encoding="UTF-8"?>
<!-- Generated by org.testng.reporters.JUnitReportReporter -->
<testsuite hostname="DESKTOP-708N05K" failures="0" tests="1" name="TestRunner" time="0.074" errors="0" timestamp="2022-05-10T13:43:46 CAT" skipped="0">
  <testcase classname="TestRunner" name="runScenario" time="0.074"/>
  <system-out/>
</testsuite> <!-- TestRunner -->
